<?xml version="1.0" encoding="UTF-8"?>
<!-- Generated by org.testng.reporters.JUnitXMLReporter -->
<testsuite hostname="sg-PC" ignored="0" name="Test Carers" tests="3" failures="0" timestamp="22 Apr 2019 15:35:20 GMT" time="204.76" errors="0">
  <testcase name="SearchCarer_ApiTest01" time="0.726" classname="api_testsuites.Requests"/>
  <testcase name="LoginToMainMenu_Test01" time="5.27" classname="selenium_testsuites.TestLogin"/>
  <testcase name="addition_test01" time="27.422" classname="appium_testsuites.GoogleCalculatorTest"/>
</testsuite> <!-- Test Carers -->
