<?xml version="1.0" encoding="UTF-8"?>
<testng-results skipped="0" failed="0" ignored="0" total="1" passed="1">
  <reporter-output>
  </reporter-output>
  <suite name="Suite" duration-ms="71" started-at="2019-04-17T19:38:00Z" finished-at="2019-04-17T19:38:00Z">
    <groups>
    </groups>
    <test name="Test" duration-ms="71" started-at="2019-04-17T19:38:00Z" finished-at="2019-04-17T19:38:00Z">
      <class name="testsuites.TestCarersProfiles">
        <test-method status="PASS" signature="beforeClass()[pri:0, instance:testsuites.TestCarersProfiles@3f2a3a5]" name="beforeClass" is-config="true" duration-ms="22" started-at="2019-04-17T22:38:00Z" finished-at="2019-04-17T22:38:00Z">
          <reporter-output>
          </reporter-output>
        </test-method> <!-- beforeClass -->
        <test-method status="PASS" signature="SearchCarerByNameTestcase()[pri:0, instance:testsuites.TestCarersProfiles@3f2a3a5]" name="SearchCarerByNameTestcase" duration-ms="2" started-at="2019-04-17T22:38:00Z" finished-at="2019-04-17T22:38:00Z">
          <reporter-output>
          </reporter-output>
        </test-method> <!-- SearchCarerByNameTestcase -->
        <test-method status="PASS" signature="afterClass()[pri:0, instance:testsuites.TestCarersProfiles@3f2a3a5]" name="afterClass" is-config="true" duration-ms="0" started-at="2019-04-17T22:38:00Z" finished-at="2019-04-17T22:38:00Z">
          <reporter-output>
          </reporter-output>
        </test-method> <!-- afterClass -->
      </class> <!-- testsuites.TestCarersProfiles -->
    </test> <!-- Test -->
  </suite> <!-- Suite -->
</testng-results>
