<?xml version="1.0" encoding="UTF-8"?>
<testng-results skipped="0" failed="0" ignored="0" total="3" passed="3">
  <reporter-output>
  </reporter-output>
  <suite name="Suite" duration-ms="204760" started-at="2019-04-22T15:31:56Z" finished-at="2019-04-22T15:35:20Z">
    <groups>
    </groups>
    <test name="Test Carers" duration-ms="204760" started-at="2019-04-22T15:31:56Z" finished-at="2019-04-22T15:35:20Z">
      <class name="appium_testsuites.GoogleCalculatorTest">
        <test-method status="PASS" signature="setup()[pri:0, instance:appium_testsuites.GoogleCalculatorTest@6eceb130]" name="setup" is-config="true" duration-ms="125265" started-at="2019-04-22T15:31:56Z" finished-at="2019-04-22T15:34:01Z">
          <reporter-output>
          </reporter-output>
        </test-method> <!-- setup -->
        <test-method status="PASS" signature="addition_test01()[pri:0, instance:appium_testsuites.GoogleCalculatorTest@6eceb130]" name="addition_test01" duration-ms="27422" started-at="2019-04-22T15:34:17Z" finished-at="2019-04-22T15:34:44Z">
          <reporter-output>
          </reporter-output>
        </test-method> <!-- addition_test01 -->
        <test-method status="PASS" signature="tearDown()[pri:0, instance:appium_testsuites.GoogleCalculatorTest@6eceb130]" name="tearDown" is-config="true" duration-ms="35975" started-at="2019-04-22T15:34:44Z" finished-at="2019-04-22T15:35:20Z">
          <reporter-output>
          </reporter-output>
        </test-method> <!-- tearDown -->
      </class> <!-- appium_testsuites.GoogleCalculatorTest -->
      <class name="selenium_testsuites.TestLogin">
        <test-method status="PASS" signature="setupTestsuite()[pri:0, instance:selenium_testsuites.TestLogin@67b467e9]" name="setupTestsuite" is-config="true" duration-ms="3157" started-at="2019-04-22T15:34:02Z" finished-at="2019-04-22T15:34:05Z">
          <reporter-output>
          </reporter-output>
        </test-method> <!-- setupTestsuite -->
        <test-method status="PASS" signature="setupTest()[pri:0, instance:selenium_testsuites.TestLogin@67b467e9]" name="setupTest" is-config="true" duration-ms="5053" started-at="2019-04-22T15:34:05Z" finished-at="2019-04-22T15:34:10Z">
          <reporter-output>
          </reporter-output>
        </test-method> <!-- setupTest -->
        <test-method status="PASS" signature="LoginToMainMenu_Test01()[pri:0, instance:selenium_testsuites.TestLogin@67b467e9]" name="LoginToMainMenu_Test01" duration-ms="5270" started-at="2019-04-22T15:34:10Z" finished-at="2019-04-22T15:34:15Z">
          <reporter-output>
          </reporter-output>
        </test-method> <!-- LoginToMainMenu_Test01 -->
        <test-method status="PASS" signature="teardownTest()[pri:0, instance:selenium_testsuites.TestLogin@67b467e9]" name="teardownTest" is-config="true" duration-ms="1587" started-at="2019-04-22T15:34:15Z" finished-at="2019-04-22T15:34:17Z">
          <reporter-output>
          </reporter-output>
        </test-method> <!-- teardownTest -->
      </class> <!-- selenium_testsuites.TestLogin -->
      <class name="api_testsuites.Requests">
        <test-method status="PASS" signature="SearchCarer_ApiTest01()[pri:0, instance:api_testsuites.Requests@10a035a0]" name="SearchCarer_ApiTest01" duration-ms="726" started-at="2019-04-22T15:34:01Z" finished-at="2019-04-22T15:34:02Z">
          <reporter-output>
          </reporter-output>
        </test-method> <!-- SearchCarer_ApiTest01 -->
      </class> <!-- api_testsuites.Requests -->
    </test> <!-- Test Carers -->
  </suite> <!-- Suite -->
</testng-results>
